-- The C compiler identification is Clang 20.1.8
-- The CXX compiler identification is Clang 20.1.8
-- Detecting C compiler ABI info
-- Detecting C compiler ABI info - done
-- Check for working C compiler: /usr/bin/clang-20 - skipped
-- Detecting C compile features
-- Detecting C compile features - done
-- Detecting CXX compiler ABI info
-- Detecting CXX compiler ABI info - done
-- Check for working CXX compiler: /usr/bin/clang++-20 - skipped
-- Detecting CXX compile features
-- Detecting CXX compile features - done
-- /media/psf/bare/bare-ffmpeg/build/_ports/git+gitlab.freedesktop.org+mesa+drm/lib/pkgconfig
-- Performing Test supports_-Wall
-- Performing Test supports_-Wall - Success
-- Performing Test supports_-Wformat
-- Performing Test supports_-Wformat - Success
-- Performing Test supports_-Wformat=2
-- Performing Test supports_-Wformat=2 - Success
-- Performing Test supports_-Wconversion
-- Performing Test supports_-Wconversion - Success
-- Performing Test supports_-Wimplicit-fallthrough
-- Performing Test supports_-Wimplicit-fallthrough - Success
-- Performing Test supports_-Werror=format-security
-- Performing Test supports_-Werror=format-security - Success
-- Performing Test supports_-Werror=implicit
-- Performing Test supports_-Werror=implicit - Success
-- Performing Test supports_-Werror=incompatible-pointer-types
-- Performing Test supports_-Werror=incompatible-pointer-types - Success
-- Performing Test supports_-Werror=int-conversion
-- Performing Test supports_-Werror=int-conversion - Success
-- Performing Test supports_-fno-delete-null-pointer-checks
-- Performing Test supports_-fno-delete-null-pointer-checks - Success
-- Performing Test supports_-fno-strict-overflow
-- Performing Test supports_-fno-strict-overflow - Success
-- Performing Test supports_-fno-strict-aliasing
-- Performing Test supports_-fno-strict-aliasing - Success
-- Performing Test supports_-fstrict-flex-arrays=3
-- Performing Test supports_-fstrict-flex-arrays=3 - Success
-- Performing Test supports_-ftrivial-auto-var-init=zero
-- Performing Test supports_-ftrivial-auto-var-init=zero - Success
-- Configuring done (6.2s)
-- Generating done (0.1s)
-- Build files have been written to: /media/psf/bare/bare-ffmpeg/build
